Removed Pin From Net: NetName=12V Pin=J4-1
Removed Pin From Net: NetName=12V Pin=J4-2
Removed Pin From Net: NetName=5V Pin=J4-3
Removed Pin From Net: NetName=5V Pin=J4-4
Removed Pin From Net: NetName=3.3V Pin=J4-5
Removed Pin From Net: NetName=3.3V Pin=J4-6
Removed Pin From Net: NetName=GND Pin=J4-7
Removed Pin From Net: NetName=GND Pin=J4-8
Removed Pin From Net: NetName=GND Pin=J4-9
Removed Pin From Net: NetName=GND Pin=J4-10
Removed Pin From Net: NetName=GND Pin=J4-11
Removed Pin From Net: NetName=GND Pin=J4-12
Add Component: Footprint Not Found Model Name
Added Pin To Net: NetName=GND Pin=J4-1
Added Pin To Net: NetName=GND Pin=J4-2
Added Pin To Net: NetName=GND Pin=J4-3
Added Pin To Net: NetName=GND Pin=J4-4
Added Pin To Net: NetName=GND Pin=J4-5
Added Pin To Net: NetName=GND Pin=J4-6
Added Pin To Net: NetName=12V Pin=J4-7
Added Pin To Net: NetName=12V Pin=J4-8
Added Pin To Net: NetName=5V Pin=J4-9
Added Pin To Net: NetName=5V Pin=J4-10
Added Pin To Net: NetName=3.3V Pin=J4-11
Added Pin To Net: NetName=3.3V Pin=J4-12
Add Pin To Net: Unknown Pin: Pin U1-1
Add Pin To Net: Unknown Pin: Pin U1-2
Add Pin To Net: Unknown Pin: Pin U1-3
Add Class Member: Failed to add class member : Component U1 AP1704DWG-7
