Removed Pin From Net: NetName=GND Pin=J5-1
Removed Pin From Net: NetName=GND Pin=J5-2
Removed Pin From Net: NetName=GND Pin=J5-3
Removed Pin From Net: NetName=GND Pin=J5-4
Removed Pin From Net: NetName=GND Pin=J5-5
Removed Pin From Net: NetName=GND Pin=J5-6
Removed Pin From Net: NetName=12V Pin=J5-7
Removed Pin From Net: NetName=12V Pin=J5-8
Removed Pin From Net: NetName=5V Pin=J5-9
Removed Pin From Net: NetName=5V Pin=J5-10
Removed Pin From Net: NetName=3.3V Pin=J5-11
Removed Pin From Net: NetName=3.3V Pin=J5-12
Removed Pin From Net: NetName=G_LED Pin=U7-9
Removed Pin From Net: NetName=R_LED Pin=U7-10
Removed Member From Class: ClassName=main Member=J5
Added Component: Designator=J?(PH2RA-12-UA)
Add component (AddParameter): Name = "ComponentLink1Description"; Value = "Datasheet"; VariantName = "[No Variations]"
Add component (AddParameter): Name = "ComponentLink1URL"; Value = "https://app.adam-tech.com/products/download/data_sheet/200508/ph2ra-xx-ua-data-sheet.pdf"; VariantName = "[No Variations]"
Add component (AddParameter): Name = "Manufacturer"; Value = "Adam Tech"; VariantName = "[No Variations]"
Add component (AddParameter): Name = "Manufacturer Part Number"; Value = "PH2RA-30-UA"; VariantName = "[No Variations]"
Add component (AddParameter): Name = "Supplier"; Value = "DigiKey"; VariantName = "[No Variations]"
Add component (AddParameter): Name = "Supplier Part Number"; Value = "2057-PH2RA-30-UA-ND"; VariantName = "[No Variations]"
Add Component: Footprint Not Found Model Name
Added Pin To Net: NetName=GND Pin=J?-1
Added Pin To Net: NetName=GND Pin=J?-2
Added Pin To Net: NetName=GND Pin=J?-3
Added Pin To Net: NetName=GND Pin=J?-4
Added Pin To Net: NetName=GND Pin=J?-5
Added Pin To Net: NetName=GND Pin=J?-6
Added Pin To Net: NetName=3.3V Pin=J?-7
Added Pin To Net: NetName=3.3V Pin=J?-8
Added Pin To Net: NetName=5V Pin=J?-9
Added Pin To Net: NetName=5V Pin=J?-10
Added Pin To Net: NetName=12V Pin=J?-11
Added Pin To Net: NetName=12V Pin=J?-12
Add Pin To Net: Unknown Pin: Pin U1-1
Add Pin To Net: Unknown Pin: Pin U1-2
Add Pin To Net: Unknown Pin: Pin U1-3
Added Pin To Net: NetName=R_LED Pin=U7-9
Added Pin To Net: NetName=G_LED Pin=U7-10
Added Member To Class: ClassName=main Member=Component J3 MTJ-88ARX1-FSM-LV
Added Member To Class: ClassName=main Member=Component J? PH2RA-12-UA
Add Class Member: Failed to add class member : Component U1 AP1704DWG-7
