Added Component: Designator=J4(MTJ-88ARX1-FSM-LV)
Add Component: Footprint Not Found Model Name
Added Pin To Net: NetName=CAN_P Pin=J4-1
Added Pin To Net: NetName=CAN_N Pin=J4-2
Added Pin To Net: NetName=GND Pin=J4-5
Added Pin To Net: NetName=GND Pin=J4-6
Added Pin To Net: NetName=GND Pin=J4-7
Added Pin To Net: NetName=GND Pin=J4-8
Added Pin To Net: NetName=GND Pin=J4-9
Added Pin To Net: NetName=NetJ4_10 Pin=J4-10
Added Pin To Net: NetName=GND Pin=J4-11
Added Pin To Net: NetName=NetJ4_12 Pin=J4-12
Added Pin To Net: NetName=SHIELD Pin=J4-MH1
Added Pin To Net: NetName=SHIELD Pin=J4-MH2
Add Pin To Net: Unknown Pin: Pin U1-1
Add Pin To Net: Unknown Pin: Pin U1-2
Add Pin To Net: Unknown Pin: Pin U1-3
Added Member To Class: ClassName=main Member=Component J4 MTJ-88ARX1-FSM-LV
Added Member To Class: ClassName=main Member=Component R3 Resistor
Added Member To Class: ClassName=main Member=Component R5 Resistor
Added Member To Class: ClassName=main Member=Component R7 Resistor
Added Member To Class: ClassName=main Member=Component R8 Resistor
Add Class Member: Failed to add class member : Component U1 AP1704DWG-7
