Removed Pin From Net: NetName=GND Pin=C3-1
Removed Pin From Net: NetName=R\E\S\E\T\ Pin=R8-2
Removed Pin From Net: NetName=3.3V Pin=U1-3
Removed Member From Class: ClassName=U_mcu Member=C3
Removed Member From Class: ClassName=U_mcu Member=R8
Change Component Footprint: Designator=U1 Old Footprint=SOT95P285X140-3N New Footprint=FP-SOT143-4-MFG
Change Component Comment : Designator=U1 Old Comment=AP1704DWG-7 New Comment=STM811MW16F
Change Managed Component Library Link : Designator=U1 Old VaultGUID= New VaultGUID=B7D15EC3-160A-466F-A46C-7801FE6295A7 Old ItemGUID= New ItemGUID=16A56D85-0E2A-471E-9258-2B954D11C203 Old RevisionGUID= New RevisionGUID=C395A21E-1563-45CD-9CF4-C451E589AB9E
Change component parameters: Designator = "U1" ("U1"); Footprint = "SOT95P285X140-3N"; UniqueID = "\PDXNQZOI\PUFWQCFI" ("\PDXNQZOI\PUFWQCFI")
Change component parameters (AddParameter): Name = "Ambient Temperature Range High"; Value = "+85°C"; VariantName = "[No Variations]"
Change component parameters (AddParameter): Name = "Ambient Temperature Range Low"; Value = "-40°C"; VariantName = "[No Variations]"
Change component parameters (AddParameter): Name = "Automotive"; Value = "No"; VariantName = "[No Variations]"
Change component parameters (AddParameter): Name = "Category"; Value = "IC"; VariantName = "[No Variations]"
Change component parameters (AddParameter): Name = "ComponentLink2Description"; Value = "Datasheet"; VariantName = "[No Variations]"
Change component parameters (AddParameter): Name = "ComponentLink2URL"; Value = "https://www.st.com/resource/en/datasheet/stm811.pdf"; VariantName = "[No Variations]"
Change component parameters (AddParameter): Name = "Device Class L1"; Value = "Integrated Circuits (ICs)"; VariantName = "[No Variations]"
Change component parameters (AddParameter): Name = "Device Class L2"; Value = "Power Management ICs"; VariantName = "[No Variations]"
Change component parameters (AddParameter): Name = "Device Class L3"; Value = "Voltage Supervisors"; VariantName = "[No Variations]"
Change component parameters (AddParameter): Name = "Digikey Description"; Value = "IC MPU RESET CIRC 4.38V SOT143-4"; VariantName = "[No Variations]"
Change component parameters (AddParameter): Name = "Height"; Value = "1.12mm"; VariantName = "[No Variations]"
Change component parameters (AddParameter): Name = "Lead Free"; Value = "Yes"; VariantName = "[No Variations]"
Change component parameters (AddParameter): Name = "Manufacturer"; Value = "STMicroelectronics"; VariantName = "[No Variations]"
Change component parameters (AddParameter): Name = "Manufacturer Part Number"; Value = "STM811MW16F"; VariantName = "[No Variations]"
Change component parameters (AddParameter): Name = "Max Power Dissipation"; Value = "320mW"; VariantName = "[No Variations]"
Change component parameters (AddParameter): Name = "Max Supply Voltage"; Value = "5.5V"; VariantName = "[No Variations]"
Change component parameters (AddParameter): Name = "Min Supply Voltage"; Value = "1V"; VariantName = "[No Variations]"
Change component parameters (AddParameter): Name = "Mouser Description"; Value = "Supervisory Circuits 4.38V Reset 140ms"; VariantName = "[No Variations]"
Change component parameters (AddParameter): Name = "Nominal Supply Current"; Value = "5.5-7uA"; VariantName = "[No Variations]"
Change component parameters (AddParameter): Name = "Number Of Outputs"; Value = "1"; VariantName = "[No Variations]"
Change component parameters (AddParameter): Name = "Octopart"; Value = "https://octopart.com/stm811mw16f-stmicroelectronics-506032"; VariantName = "[No Variations]"
Change component parameters (AddParameter): Name = "Output Current"; Value = "20mA"; VariantName = "[No Variations]"
Change component parameters (AddParameter): Name = "Package"; Value = "SOT143-4"; VariantName = "[No Variations]"
Change component parameters (AddParameter): Name = "Reset Type"; Value = "Active Low"; VariantName = "[No Variations]"
Change component parameters (AddParameter): Name = "RoHS"; Value = "TRUE"; VariantName = "[No Variations]"
Change component parameters (AddParameter): Name = "Standoff Height"; Value = "0.01mm"; VariantName = "[No Variations]"
Change component parameters (AddParameter): Name = "Temperature"; Value = "-40°C to +85°C"; VariantName = "[No Variations]"
Change component parameters (AddParameter): Name = "Temperature Range High"; Value = "+85°C"; VariantName = "[No Variations]"
Change component parameters (AddParameter): Name = "Temperature Range Low"; Value = "-40°C"; VariantName = "[No Variations]"
Change component parameters (AddParameter): Name = "Threshold Voltage"; Value = "4.38V"; VariantName = "[No Variations]"
Added Pin To Net: NetName=3.3V Pin=U1-4
Added Pin To Net: NetName=NetS1_1 Pin=S1-1
Added Pin To Net: NetName=NetS1_1 Pin=S1-1
Added Pin To Net: NetName=NetS1_1 Pin=U1-3
Added Net: Name=NetS1_1
